<?xml version="1.0" encoding="utf-8"?><testsuites name="pytest tests"><testsuite name="pytest" errors="0" failures="3" skipped="0" tests="14" time="13.928" timestamp="2026-07-30T14:40:30.641688+00:00" hostname="agent-env-413249ae-0b88-4abf-8bb6-8c806e417237"><testcase classname="tests.backend_test.TestAuth" name="test_health" time="0.286" /><testcase classname="tests.backend_test.TestAuth" name="test_register_duplicate" time="0.693" /><testcase classname="tests.backend_test.TestGestures" name="test_send_kiss_heart_miss" time="1.633"><failure message="AssertionError: {&quot;detail&quot;:&quot;Pair with your partner first&quot;}&#10;assert 400 == 200&#10; +  where 400 = &lt;Response [400]&gt;.status_code">backend/tests/backend_test.py:117: in test_send_kiss_heart_miss
    assert r.status_code == 200, r.text
E   AssertionError: {"detail":"Pair with your partner first"}
E   assert 400 == 200
E    +  where 400 = &lt;Response [400]&gt;.status_code</failure></testcase><testcase classname="tests.backend_test.TestAuth" name="test_login_success" time="0.653" /><testcase classname="tests.backend_test.TestAuth" name="test_login_wrong_password" time="0.574" /><testcase classname="tests.backend_test.TestGestures" name="test_invalid_type" time="0.557" /><testcase classname="tests.backend_test.TestAuth" name="test_me_unpaired" time="0.147" /><testcase classname="tests.backend_test.TestGestures" name="test_list_reverse_chrono" time="0.154"><failure message="assert 0 &gt;= 3&#10; +  where 0 = len([])">backend/tests/backend_test.py:128: in test_list_reverse_chrono
    assert len(items) &gt;= 3
E   assert 0 &gt;= 3
E    +  where 0 = len([])</failure></testcase><testcase classname="tests.backend_test.TestAuth" name="test_me_no_auth" time="0.133" /><testcase classname="tests.backend_test.TestGestures" name="test_stats" time="0.123"><failure message="assert 0 &gt;= 3">backend/tests/backend_test.py:139: in test_stats
    assert d["total"] &gt;= 3
E   assert 0 &gt;= 3</failure></testcase><testcase classname="tests.backend_test.TestWardrobe" name="test_generate_and_list" time="10.632" /><testcase classname="tests.backend_test.TestPairing" name="test_full_pair_flow" time="2.420" /><testcase classname="tests.backend_test.TestPairing" name="test_invalid_code" time="0.488" /><testcase classname="tests.backend_test.TestWardrobe" name="test_list_empty_for_new_user" time="0.472" /></testsuite></testsuites>